#
# A fatal error has been detected by the Java Runtime Environment:
#
#  EXCEPTION_ACCESS_VIOLATION (0xc0000005) at pc=0x000000000d95c750, pid=30120, tid=28132
#
# JRE version: 6.0_17-b04
# Java VM: Java HotSpot(TM) 64-Bit Server VM (14.3-b01 mixed mode windows-amd64 )
# Problematic frame:
# C  0x000000000d95c750
#
# If you would like to submit a bug report, please visit:
#   http://java.sun.com/webapps/bugreport/crash.jsp
# The crash happened outside the Java Virtual Machine in native code.
# See problematic frame for where to report the bug.
#

---------------  T H R E A D  ---------------

Current thread (0x000000000ea97000):  JavaThread "AWT-EventQueue-0" [_thread_in_native, id=28132, stack(0x000000000d780000,0x000000000d800000)]

siginfo: ExceptionCode=0xc0000005, reading address 0x0000000000000008

Registers:
EAX=0x000000000000000d, EBX=0x000000000ea971b8, ECX=0x0000000000000000, EDX=0xfffffffff5014503
ESP=0x000000000d7fddf8, EBP=0x0000000055689020, ESI=0x000000000ea971b8, EDI=0x000000000daadd00
EIP=0x000000000d95c750, EFLAGS=0x0000000000010206

Top of Stack: (sp=0x000000000d7fddf8)
0x000000000d7fddf8:   000000000d90589c 0000000000000000
0x000000000d7fde08:   000000000ea971b8 0000000055689020
0x000000000d7fde18:   000000000ea971b8 000000003e622568
0x000000000d7fde28:   000000000ea971b8 000000002f57dc70
0x000000000d7fde38:   000000000d8e3810 000000000ea971b8
0x000000000d7fde48:   000000000d7fe518 000000000d7fe590
0x000000000d7fde58:   0000000055689020 0000000000000000
0x000000000d7fde68:   000000000d902151 0000000000000000
0x000000000d7fde78:   000000000d7fe588 000000003e622d40
0x000000000d7fde88:   000000000d7fe590 0000000029415ac2
0x000000000d7fde98:   000000003e621e68 00000000352e1d48
0x000000000d7fdea8:   000000000d7fdea8 000000002d64eb6f
0x000000000d7fdeb8:   000000000d7fdf00 0000000036192eb0
0x000000000d7fdec8:   0000000000000000 000000002d64eb80
0x000000000d7fded8:   0000000000000000 000000000d7fdf10
0x000000000d7fdee8:   000000002cd83fa0 00000000297c20e0 

Instructions: (pc=0x000000000d95c750)
0x000000000d95c740:   48 8b 41 08 48 8b 80 18 0c 00 00 c3 cc cc cc cc
0x000000000d95c750:   48 8b 49 08 48 85 c9 74 05 e9 72 f6 fd ff 33 c0 


Stack: [0x000000000d780000,0x000000000d800000],  sp=0x000000000d7fddf8,  free space=503k
Native frames: (J=compiled Java code, j=interpreted, Vv=VM code, C=native code)
C  0x000000000d95c750

Java frames: (J=compiled Java code, j=interpreted, Vv=VM code)
j  sun.java2d.windows.GDIBlitLoops.nativeBlit(Lsun/java2d/SurfaceData;Lsun/java2d/SurfaceData;Lsun/java2d/pipe/Region;IIIIIIIIIZ)V+0
j  sun.java2d.windows.GDIBlitLoops.Blit(Lsun/java2d/SurfaceData;Lsun/java2d/SurfaceData;Ljava/awt/Composite;Lsun/java2d/pipe/Region;IIIIII)V+33
J  sun.java2d.pipe.DrawImage.copyImage(Lsun/java2d/SunGraphics2D;Ljava/awt/Image;IILjava/awt/Color;Ljava/awt/image/ImageObserver;)Z
J  sun.java2d.SunGraphics2D.drawImage(Ljava/awt/Image;IILjava/awt/Color;Ljava/awt/image/ImageObserver;)Z
J  javax.swing.RepaintManager$PaintManager.paintDoubleBuffered(Ljavax/swing/JComponent;Ljava/awt/Image;Ljava/awt/Graphics;IIII)V
j  javax.swing.RepaintManager$PaintManager.paint(Ljavax/swing/JComponent;Ljavax/swing/JComponent;Ljava/awt/Graphics;IIII)Z+116
j  javax.swing.RepaintManager.paint(Ljavax/swing/JComponent;Ljavax/swing/JComponent;Ljava/awt/Graphics;IIII)V+52
J  javax.swing.JComponent.paint(Ljava/awt/Graphics;)V
j  java.awt.GraphicsCallback$PaintCallback.run(Ljava/awt/Component;Ljava/awt/Graphics;)V+2
j  sun.awt.SunGraphicsCallback.runOneComponent(Ljava/awt/Component;Ljava/awt/Rectangle;Ljava/awt/Graphics;Ljava/awt/Shape;I)V+155
j  sun.awt.SunGraphicsCallback.runComponents([Ljava/awt/Component;Ljava/awt/Graphics;I)V+104
j  java.awt.Container.paint(Ljava/awt/Graphics;)V+73
J  javax.swing.RepaintManager.paintDirtyRegions(Ljava/util/Map;)V
j  javax.swing.RepaintManager.paintDirtyRegions()V+46
j  javax.swing.RepaintManager.seqPaintDirtyRegions()V+73
j  javax.swing.SystemEventQueueUtilities$ComponentWorkRequest.run()V+36
J  java.awt.event.InvocationEvent.dispatch()V
J  java.awt.EventDispatchThread.pumpOneEventForFilters(I)Z
J  java.awt.EventDispatchThread.pumpEventsForFilter(ILjava/awt/Conditional;Ljava/awt/EventFilter;)V
j  java.awt.EventDispatchThread.pumpEventsForHierarchy(ILjava/awt/Conditional;Ljava/awt/Component;)V+11
j  java.awt.EventDispatchThread.pumpEvents(ILjava/awt/Conditional;)V+4
j  java.awt.EventDispatchThread.pumpEvents(Ljava/awt/Conditional;)V+3
j  java.awt.EventDispatchThread.run()V+9
v  ~StubRoutines::call_stub

---------------  P R O C E S S  ---------------

Java Threads: ( => current thread )
  0x000000000efe0800 JavaThread "Explorer NavigationContext request queue" [_thread_blocked, id=48268, stack(0x0000000028540000,0x00000000285c0000)]
  0x000000000efe8800 JavaThread "Timer-177" [_thread_blocked, id=27064, stack(0x00000000268a0000,0x0000000026920000)]
  0x000000000efea000 JavaThread "pool-8-thread-1" [_thread_blocked, id=33020, stack(0x00000000285e0000,0x0000000028660000)]
  0x000000000efea800 JavaThread "Code Analyzer updating thread" [_thread_blocked, id=30392, stack(0x0000000026e80000,0x0000000026f00000)]
  0x000000000efdd800 JavaThread "Prefs Updater" daemon [_thread_blocked, id=29756, stack(0x0000000026db0000,0x0000000026e30000)]
  0x000000000efe7000 JavaThread "Code Analyzer updating thread" [_thread_blocked, id=28880, stack(0x00000000580d0000,0x0000000058150000)]
  0x000000000efe6800 JavaThread "Code Analyzer updating thread" [_thread_blocked, id=27748, stack(0x0000000058190000,0x0000000058210000)]
  0x000000000efe5800 JavaThread "Code Analyzer updating thread" [_thread_blocked, id=30220, stack(0x0000000057de0000,0x0000000057e60000)]
  0x000000000efe5000 JavaThread "Code Analyzer updating thread" [_thread_blocked, id=23376, stack(0x0000000057fd0000,0x0000000058050000)]
  0x000000000efe4000 JavaThread "Code Analyzer updating thread" [_thread_blocked, id=25920, stack(0x0000000057cc0000,0x0000000057d40000)]
  0x000000000efe3800 JavaThread "Code Analyzer updating thread" [_thread_blocked, id=28836, stack(0x0000000057ea0000,0x0000000057f20000)]
  0x000000000efe2800 JavaThread "Active Reference Queue Daemon" daemon [_thread_blocked, id=24084, stack(0x00000000579a0000,0x0000000057a20000)]
  0x000000000efe1000 JavaThread "Timer-9" daemon [_thread_blocked, id=25256, stack(0x0000000057bd0000,0x0000000057c50000)]
  0x000000000efe2000 JavaThread "Timer-8" daemon [_thread_blocked, id=22616, stack(0x0000000050ba0000,0x0000000050c20000)]
  0x000000000efde800 JavaThread "AddressBar directory emptiness poller" [_thread_blocked, id=30212, stack(0x0000000057700000,0x0000000057780000)]
  0x000000000efdd000 JavaThread "Timer-1" [_thread_blocked, id=26948, stack(0x00000000489f0000,0x0000000048a70000)]
  0x000000000efdb800 JavaThread "TimerQueue" daemon [_thread_blocked, id=28424, stack(0x0000000025310000,0x0000000025390000)]
  0x000000000ee4a800 JavaThread "FelixPackageAdmin" daemon [_thread_blocked, id=25936, stack(0x0000000050c20000,0x0000000050ca0000)]
  0x000000000ee49800 JavaThread "FelixStartLevel" daemon [_thread_blocked, id=26068, stack(0x0000000040820000,0x00000000408a0000)]
  0x000000000edeb800 JavaThread "FelixDispatchQueue" daemon [_thread_blocked, id=25652, stack(0x00000000408d0000,0x0000000040950000)]
=>0x000000000ea97000 JavaThread "AWT-EventQueue-0" [_thread_in_native, id=28132, stack(0x000000000d780000,0x000000000d800000)]
  0x000000000eb44800 JavaThread "com.google.common.base.internal.Finalizer" daemon [_thread_blocked, id=27528, stack(0x0000000021250000,0x00000000212d0000)]
  0x000000000ec19000 JavaThread "AWT-Windows" daemon [_thread_in_native, id=900, stack(0x000000000fea0000,0x000000000ff20000)]
  0x000000000ec18000 JavaThread "AWT-Shutdown" [_thread_blocked, id=768, stack(0x000000000fd80000,0x000000000fe00000)]
  0x000000000ecef000 JavaThread "Java2D Disposer" daemon [_thread_blocked, id=25080, stack(0x000000000fc80000,0x000000000fd00000)]
  0x000000000e805000 JavaThread "Timer-0" [_thread_blocked, id=26356, stack(0x000000000f700000,0x000000000f780000)]
  0x000000000e7cf000 JavaThread "EventMgr Dispatcher" daemon [_thread_in_native, id=27856, stack(0x0000000010fb0000,0x0000000014fb0000)]
  0x000000000d565800 JavaThread "Low Memory Detector" daemon [_thread_blocked, id=21512, stack(0x000000000c430000,0x000000000c4b0000)]
  0x000000000d564000 JavaThread "CompilerThread1" daemon [_thread_blocked, id=26668, stack(0x0000000065930000,0x0000000069930000)]
  0x000000000d55b800 JavaThread "CompilerThread0" daemon [_thread_blocked, id=28484, stack(0x000000005d190000,0x0000000061190000)]
  0x000000000d512800 JavaThread "Attach Listener" daemon [_thread_blocked, id=30500, stack(0x000000000d800000,0x000000000d880000)]
  0x000000000563b800 JavaThread "Finalizer" daemon [_thread_blocked, id=29576, stack(0x000000000d6f0000,0x000000000d770000)]
  0x000000000d4f5800 JavaThread "Reference Handler" daemon [_thread_blocked, id=30112, stack(0x000000000c9f0000,0x000000000ca70000)]
  0x000000000569e000 JavaThread "main" [_thread_in_native, id=29892, stack(0x0000000000170000,0x0000000004170000)]

Other Threads:
  0x000000000d4f2000 VMThread [stack: 0x0000000058590000,0x000000005c590000] [id=30700]
  0x000000000d57a000 WatcherThread [stack: 0x0000000080000000,0x0000000084000000] [id=23792]

VM state:not at safepoint (normal execution)

VM Mutex/Monitor currently owned by a thread: None

Heap
 PSYoungGen      total 16064K, used 15693K [0x000000003d710000, 0x000000003e710000, 0x0000000040810000)
  eden space 15744K, 98% used [0x000000003d710000,0x000000003e623400,0x000000003e670000)
  from space 320K, 80% used [0x000000003e670000,0x000000003e6b0000,0x000000003e6c0000)
  to   space 320K, 0% used [0x000000003e6c0000,0x000000003e6c0000,0x000000003e710000)
 PSOldGen        total 135424K, used 126211K [0x0000000034410000, 0x000000003c850000, 0x000000003d710000)
  object space 135424K, 93% used [0x0000000034410000,0x000000003bf50d00,0x000000003c850000)
 PSPermGen       total 117632K, used 65727K [0x000000002c410000, 0x00000000336f0000, 0x0000000034410000)
  object space 117632K, 55% used [0x000000002c410000,0x000000003043fd68,0x00000000336f0000)

Dynamic libraries:
0x000000013fba0000 - 0x000000013fbd2000 	C:\Program Files\MATLAB\R2012a\bin\win64\MATLAB.exe
0x0000000077420000 - 0x00000000775c9000 	C:\Windows\SYSTEM32\ntdll.dll
0x0000000077300000 - 0x000000007741f000 	C:\Windows\system32\kernel32.dll
0x000007fefc6b0000 - 0x000007fefc71c000 	C:\Windows\system32\KERNELBASE.dll
0x0000000074460000 - 0x0000000074554000 	C:\Program Files\MATLAB\R2012a\bin\win64\libut.dll
0x00000000758a0000 - 0x0000000075952000 	C:\Program Files\MATLAB\R2012a\bin\win64\libmwi18n.dll
0x0000000180000000 - 0x000000018000b000 	C:\Program Files\MATLAB\R2012a\bin\win64\libmwresource_core.dll
0x00000000749d0000 - 0x0000000074aa3000 	C:\Windows\WinSxS\amd64_microsoft.vc90.crt_1fc8b3b9a1e18e3b_9.0.30729.6161_none_08e61857a83bc251\MSVCP90.dll
0x0000000074ab0000 - 0x0000000074b53000 	C:\Windows\WinSxS\amd64_microsoft.vc90.crt_1fc8b3b9a1e18e3b_9.0.30729.6161_none_08e61857a83bc251\MSVCR90.dll
0x000000007a170000 - 0x000000007a19c000 	C:\Program Files\MATLAB\R2012a\bin\win64\boost_filesystem-vc90-mt-1_44.dll
0x000000007a560000 - 0x000000007a569000 	C:\Program Files\MATLAB\R2012a\bin\win64\boost_system-vc90-mt-1_44.dll
0x000007fefd560000 - 0x000007fefd63b000 	C:\Windows\system32\ADVAPI32.dll
0x000007fefca10000 - 0x000007fefcaaf000 	C:\Windows\system32\msvcrt.dll
0x000007fefcd20000 - 0x000007fefcd3f000 	C:\Windows\SYSTEM32\sechost.dll
0x000007fefd430000 - 0x000007fefd55d000 	C:\Windows\system32\RPCRT4.dll
0x000000007a010000 - 0x000000007a035000 	C:\Program Files\MATLAB\R2012a\bin\win64\LIBEXPAT.dll
0x000000006bdb0000 - 0x000000006bfa1000 	C:\Program Files\MATLAB\R2012a\bin\win64\icuin44.dll
0x0000000061ee0000 - 0x0000000062051000 	C:\Program Files\MATLAB\R2012a\bin\win64\icuuc44.dll
0x0000000010000000 - 0x0000000010e41000 	C:\Program Files\MATLAB\R2012a\bin\win64\icudt44.dll
0x0000000073f70000 - 0x00000000740ad000 	C:\Program Files\MATLAB\R2012a\bin\win64\libmwfl.dll
0x00000000043f0000 - 0x00000000046e6000 	C:\Program Files\MATLAB\R2012a\bin\win64\libmwMATLAB_res.dll
0x000000007a3b0000 - 0x000000007a3c0000 	C:\Program Files\MATLAB\R2012a\bin\win64\boost_date_time-vc90-mt-1_44.dll
0x000000007a250000 - 0x000000007a263000 	C:\Program Files\MATLAB\R2012a\bin\win64\boost_signals-vc90-mt-1_44.dll
0x000000007a2d0000 - 0x000000007a2e2000 	C:\Program Files\MATLAB\R2012a\bin\win64\boost_thread-vc90-mt-1_44.dll
0x00000000041a0000 - 0x00000000041e6000 	C:\Program Files\MATLAB\R2012a\bin\win64\tbb.dll
0x000007fefd340000 - 0x000007fefd359000 	C:\Windows\system32\imagehlp.dll
0x00000000775e0000 - 0x00000000775e7000 	C:\Windows\system32\PSAPI.DLL
0x00000000731e0000 - 0x00000000731f3000 	C:\Program Files\MATLAB\R2012a\bin\win64\icuio44.dll
0x000007fef9ef0000 - 0x000007fefa015000 	C:\Windows\system32\dbghelp.dll
0x0000000077200000 - 0x00000000772fa000 	C:\Windows\system32\USER32.dll
0x000007fefcff0000 - 0x000007fefd057000 	C:\Windows\system32\GDI32.dll
0x000007fefe930000 - 0x000007fefe93e000 	C:\Windows\system32\LPK.dll
0x000007fefd060000 - 0x000007fefd129000 	C:\Windows\system32\USP10.dll
0x000000007bed0000 - 0x000000007c183000 	C:\Program Files\MATLAB\R2012a\bin\win64\libmwservices.dll
0x0000000075a20000 - 0x0000000075ae2000 	C:\Program Files\MATLAB\R2012a\bin\win64\libmx.dll
0x000000007a210000 - 0x000000007a228000 	C:\Program Files\MATLAB\R2012a\bin\win64\zlib1.dll
0x0000000004240000 - 0x0000000004261000 	C:\Program Files\MATLAB\R2012a\bin\win64\libmwmfl_scalar.dll
0x0000000075f10000 - 0x0000000075f5d000 	C:\Program Files\MATLAB\R2012a\bin\win64\mpath.dll
0x000000007b680000 - 0x000000007bbe1000 	C:\Program Files\MATLAB\R2012a\bin\win64\mlutil.dll
0x000000006fae0000 - 0x000000006fb5f000 	C:\Program Files\MATLAB\R2012a\bin\win64\xmlcore.dll
0x000000007bc30000 - 0x000000007be83000 	C:\Program Files\MATLAB\R2012a\bin\win64\xerces-c_2_7.dll
0x000007fefd360000 - 0x000007fefd3ad000 	C:\Windows\system32\WS2_32.dll
0x000007fefe940000 - 0x000007fefe948000 	C:\Windows\system32\NSI.dll
0x00000000042c0000 - 0x00000000042da000 	C:\Program Files\MATLAB\R2012a\bin\win64\libmwMATLAB_settings_res.dll
0x00000000046f0000 - 0x0000000004737000 	C:\Program Files\MATLAB\R2012a\bin\win64\boost_serialization-vc90-mt-1_44.dll
0x000007fefd9b0000 - 0x000007fefe738000 	C:\Windows\system32\SHELL32.dll
0x000007fefd3b0000 - 0x000007fefd421000 	C:\Windows\system32\SHLWAPI.dll
0x000007fef7670000 - 0x000007fef7710000 	C:\Windows\WinSxS\amd64_microsoft.windows.common-controls_6595b64144ccf1df_5.82.7601.18201_none_a4d3b9377117c3df\COMCTL32.dll
0x000007fefce20000 - 0x000007fefceb7000 	C:\Windows\system32\COMDLG32.dll
0x000007fef94e0000 - 0x000007fef94f6000 	C:\Windows\system32\NETAPI32.dll
0x000007fef94d0000 - 0x000007fef94dc000 	C:\Windows\system32\netutils.dll
0x000007fefbe40000 - 0x000007fefbe63000 	C:\Windows\system32\srvcli.dll
0x000007fef94b0000 - 0x000007fef94c5000 	C:\Windows\system32\wkscli.dll
0x000007fefcb10000 - 0x000007fefcd13000 	C:\Windows\system32\ole32.dll
0x000007fefcd40000 - 0x000007fefce17000 	C:\Windows\system32\OLEAUT32.dll
0x0000000004750000 - 0x00000000048e6000 	C:\Program Files\MATLAB\R2012a\bin\win64\mcr.dll
0x0000000075000000 - 0x000000007536b000 	C:\Program Files\MATLAB\R2012a\bin\win64\iqm.dll
0x0000000053320000 - 0x0000000053b41000 	C:\Program Files\MATLAB\R2012a\bin\win64\m_interpreter.dll
0x0000000070660000 - 0x0000000070685000 	C:\Program Files\MATLAB\R2012a\bin\win64\libmex.dll
0x000000006f850000 - 0x000000006f903000 	C:\Program Files\MATLAB\R2012a\bin\win64\m_dispatcher.dll
0x0000000074880000 - 0x000000007496d000 	C:\Program Files\MATLAB\R2012a\bin\win64\boost_regex-vc90-mt-1_44.dll
0x000000006f500000 - 0x000000006f584000 	C:\Program Files\MATLAB\R2012a\bin\win64\profiler.dll
0x0000000004960000 - 0x0000000004bb5000 	C:\Program Files\MATLAB\R2012a\bin\win64\libmwmathutil.dll
0x0000000079f40000 - 0x0000000079f6d000 	C:\Program Files\MATLAB\R2012a\bin\win64\libmwmathrng.dll
0x0000000074c10000 - 0x0000000074ced000 	C:\Program Files\MATLAB\R2012a\bin\win64\libmwmathcore.dll
0x0000000076160000 - 0x00000000761cb000 	C:\Program Files\MATLAB\R2012a\bin\win64\libmwspmatrix.dll
0x0000000075ea0000 - 0x0000000075f02000 	C:\Program Files\MATLAB\R2012a\bin\win64\libmwcholmod.dll
0x000000007a460000 - 0x000000007a46d000 	C:\Program Files\MATLAB\R2012a\bin\win64\libmwamd.dll
0x000000007a4b0000 - 0x000000007a4bc000 	C:\Program Files\MATLAB\R2012a\bin\win64\libmwcolamd.dll
0x0000000073180000 - 0x0000000073199000 	C:\Program Files\MATLAB\R2012a\bin\win64\libmwblas.dll
0x0000000073090000 - 0x00000000730a2000 	C:\Program Files\MATLAB\R2012a\bin\win64\libmwbinder.dll
0x00000000731d0000 - 0x00000000731db000 	C:\Program Files\MATLAB\R2012a\bin\win64\libmwompwrapper.dll
0x000000006eac0000 - 0x000000006eb46000 	C:\Program Files\MATLAB\R2012a\bin\win64\libmwlapack.dll
0x0000000070490000 - 0x00000000704b1000 	C:\Program Files\MATLAB\R2012a\bin\win64\m_pcodeio.dll
0x0000000079b10000 - 0x0000000079b77000 	C:\Program Files\MATLAB\R2012a\bin\win64\m_ir.dll
0x0000000053d30000 - 0x0000000054380000 	C:\Program Files\MATLAB\R2012a\bin\win64\m_parser.dll
0x0000000070470000 - 0x000000007048a000 	C:\Program Files\MATLAB\R2012a\bin\win64\ir_xfmr.dll
0x000000005cee0000 - 0x000000005d159000 	C:\Program Files\MATLAB\R2012a\bin\win64\mcos.dll
0x0000000070630000 - 0x000000007063c000 	C:\Program Files\MATLAB\R2012a\bin\win64\mtok.dll
0x000000006faa0000 - 0x000000006fad1000 	C:\Program Files\MATLAB\R2012a\bin\win64\m_pcodegen.dll
0x0000000079fb0000 - 0x0000000079fe7000 	C:\Program Files\MATLAB\R2012a\bin\win64\libmwbridge.dll
0x000000006d330000 - 0x000000006d3f8000 	C:\Program Files\MATLAB\R2012a\bin\win64\udd.dll
0x000000006b400000 - 0x000000006b552000 	C:\Program Files\MATLAB\R2012a\bin\win64\libmwgui.dll
0x000000006fe10000 - 0x000000006fe27000 	C:\Program Files\MATLAB\R2012a\bin\win64\graphics_util.dll
0x0000000052970000 - 0x0000000053313000 	C:\Program Files\MATLAB\R2012a\bin\win64\hg.dll
0x0000000004d30000 - 0x0000000004d97000 	C:\Program Files\MATLAB\R2012a\bin\win64\libmat.dll
0x0000000072d30000 - 0x0000000072f44000 	C:\Program Files\MATLAB\R2012a\bin\win64\hdf5dll.dll
0x0000000075710000 - 0x00000000757c1000 	C:\Program Files\MATLAB\R2012a\bin\win64\jmi.dll
0x0000000004dd0000 - 0x0000000004dde000 	C:\Program Files\MATLAB\R2012a\bin\win64\nativejava_services.dll
0x000000006f4b0000 - 0x000000006f4f2000 	C:\Program Files\MATLAB\R2012a\bin\win64\libmwhardcopy.dll
0x000000006e5b0000 - 0x000000006e60a000 	C:\Program Files\MATLAB\R2012a\bin\win64\libuij.dll
0x00000000582e0000 - 0x00000000584ec000 	C:\Program Files\MATLAB\R2012a\bin\win64\hgdatatypes.dll
0x000000006b1f0000 - 0x000000006b2ed000 	C:\Program Files\MATLAB\R2012a\bin\win64\hgutils.dll
0x0000000065780000 - 0x000000006583d000 	C:\Program Files\MATLAB\R2012a\bin\win64\udd_mi.dll
0x0000000004e40000 - 0x0000000004e7b000 	C:\Program Files\MATLAB\R2012a\bin\win64\libmwgbtutils.dll
0x0000000004e90000 - 0x0000000004ea9000 	C:\Program Files\MATLAB\R2012a\bin\win64\libmwgbt.dll
0x0000000004ec0000 - 0x000000000518a000 	C:\Program Files\MATLAB\R2012a\bin\win64\uiw.dll
0x000000006fe00000 - 0x000000006fe0f000 	C:\Program Files\MATLAB\R2012a\bin\win64\uinone.dll
0x000007fef9030000 - 0x000007fef9048000 	C:\Windows\system32\MPR.dll
0x0000000052480000 - 0x0000000052964000 	C:\Windows\WinSxS\amd64_microsoft.vc90.mfc_1fc8b3b9a1e18e3b_9.0.30729.6161_none_044aad0bab1eb146\mfc90.dll
0x000007fefb5e0000 - 0x000007fefb5e7000 	C:\Windows\system32\MSIMG32.dll
0x000007fef9730000 - 0x000007fef97a1000 	C:\Windows\system32\WINSPOOL.DRV
0x000000006f830000 - 0x000000006f850000 	C:\Program Files\MATLAB\R2012a\bin\win64\mwoles05.DLL
0x000000006df40000 - 0x000000006dfbc000 	C:\Program Files\MATLAB\R2012a\bin\win64\comcli.dll
0x00000000739a0000 - 0x00000000739cf000 	C:\Windows\WinSxS\amd64_microsoft.vc90.atl_1fc8b3b9a1e18e3b_9.0.30729.6161_none_0a1fd3a3a768b895\ATL90.DLL
0x000000006f9f0000 - 0x000000006f9fc000 	C:\Program Files\MATLAB\R2012a\bin\win64\mlautoregister.dll
0x00000000051e0000 - 0x00000000051f0000 	C:\Program Files\MATLAB\R2012a\bin\win64\boost_iostreams-vc90-mt-1_44.dll
0x000007fefc230000 - 0x000007fefc287000 	C:\Windows\system32\apphelp.dll
0x000007fefe7f0000 - 0x000007fefe841000 	C:\Windows\AppPatch\AppPatch64\AcGenral.DLL
0x000007fefc200000 - 0x000007fefc225000 	C:\Windows\system32\SspiCli.dll
0x0000000072540000 - 0x0000000072543000 	C:\Windows\system32\sfc.dll
0x000007fef7ac0000 - 0x000007fef7ad0000 	C:\Windows\system32\sfc_os.DLL
0x000007fefb2f0000 - 0x000007fefb30e000 	C:\Windows\system32\USERENV.dll
0x000007fefc360000 - 0x000007fefc36f000 	C:\Windows\system32\profapi.dll
0x000007fefa4e0000 - 0x000007fefa4f8000 	C:\Windows\system32\dwmapi.dll
0x000007fefd130000 - 0x000007fefd15e000 	C:\Windows\system32\IMM32.DLL
0x000007fefd8a0000 - 0x000007fefd9a9000 	C:\Windows\system32\MSCTF.dll
0x000007fefa8b0000 - 0x000007fefa906000 	C:\Windows\system32\UxTheme.dll
0x000000006f450000 - 0x000000006f45d000 	C:\Windows\WinSxS\amd64_microsoft.vc90.mfcloc_1fc8b3b9a1e18e3b_9.0.30729.6161_none_01c9581e60cbee58\MFC90ENU.DLL
0x0000000005370000 - 0x0000000005399000 	C:\Program Files\MATLAB\R2012a\bin\win64\tbbmalloc.dll
0x0000000078870000 - 0x0000000078ecd000 	C:\Program Files\MATLAB\R2012a\sys\java\jre\win64\jre\bin\server\jvm.dll
0x000007fefa260000 - 0x000007fefa29b000 	C:\Windows\system32\WINMM.dll
0x000007fefb1c0000 - 0x000007fefb1e7000 	C:\Windows\system32\iphlpapi.dll
0x000007fefb1b0000 - 0x000007fefb1bb000 	C:\Windows\system32\WINNSI.DLL
0x000007fefba50000 - 0x000007fefbaab000 	C:\Windows\system32\DNSAPI.dll
0x000007fef8db0000 - 0x000007fef8dc8000 	C:\Windows\system32\dhcpcsvc.DLL
0x000007fef8d90000 - 0x000007fef8da1000 	C:\Windows\system32\dhcpcsvc6.DLL
0x000000006f420000 - 0x000000006f423000 	C:\Windows\system32\icmp.Dll

VM Arguments:
jvm_args: -Xss512k -XX:PermSize=32m -Xms64m -XX:NewRatio=3 -XX:MaxPermSize=128m -Xmx196m -XX:MaxDirectMemorySize=2147400000 -Dsun.java2d.noddraw=true -Dsun.awt.nopixfmt=true -Xshare:off -Xrs -Dsun.awt.disableMixing=true -Djava.library.path=C:\Program Files\MATLAB\R2012a\bin\win64 vfprintf abort 
java_command: <unknown>
Launcher Type: generic

Environment Variables:
CLASSPATH=.;C:\Program Files (x86)\QuickTime\QTSystem\QTJava.zip
PATH=C:\Program Files\Broadcom\Broadcom 802.11 Network Adapter\Driver;;C:\Program Files\Common Files\Microsoft Shared\Windows Live;C:\Program Files (x86)\Common Files\Microsoft Shared\Windows Live;C:\Program Files (x86)\Intel\iCLS Client\;C:\Program Files\Intel\iCLS Client\;C:\Windows\system32;C:\Windows;C:\Windows\System32\Wbem;C:\Windows\System32\WindowsPowerShell\v1.0\;C:\Program Files\Intel\Intel(R) Management Engine Components\DAL;C:\Program Files\Intel\Intel(R) Management Engine Components\IPT;C:\Program Files (x86)\Intel\Intel(R) Management Engine Components\DAL;C:\Program Files (x86)\Intel\Intel(R) Management Engine Components\IPT;C:\Program Files\Lenovo\Bluetooth Software\;C:\Program Files\Lenovo\Bluetooth Software\syswow64;C:\Program Files\Diskeeper Corporation\ExpressCache\;C:\Program Files\Common Files\Lenovo;C:\Program Files (x86)\Windows Live\Shared;C:\SWTOOLS\ReadyApps;C:\Program Files (x86)\Symantec\VIP Access Client\;C:\Program Files (x86)\Common Files\Lenovo;C:\Program Files\MATLAB\R2012a\runtime\win64;C:\Program Files\MATLAB\R2012a\bin;C:\Program Files\MiKTeX 2.9\miktex\bin\x64\;C:\Program Files (x86)\Git\cmd;C:\Program Files (x86)\Intel\OpenCL SDK\2.0\bin\x86;C:\Program Files (x86)\Intel\OpenCL SDK\2.0\bin\x64;C:\Program Files\Microsoft Windows Performance Toolkit\;C:\Program Files (x86)\QuickTime\QTSystem\;C:\Program Files (x86)\nodejs\;C:\Users\Max Yi Ren\AppData\Roaming\npm
USERNAME=Max Yi Ren
OS=Windows_NT
PROCESSOR_IDENTIFIER=Intel64 Family 6 Model 58 Stepping 9, GenuineIntel



---------------  S Y S T E M  ---------------

OS: Windows 7 Build 7601 Service Pack 1

CPU:total 4 (8 cores per cpu, 2 threads per core) family 6 model 58 stepping 9, cmov, cx8, fxsr, mmx, sse, sse2, sse3, ssse3, sse4.1, sse4.2, ht

Memory: 4k page, physical 8104172k(2475792k free), swap 16206480k(5097228k free)

vm_info: Java HotSpot(TM) 64-Bit Server VM (14.3-b01) for windows-amd64 JRE (1.6.0_17-b04), built on Oct 11 2009 00:46:08 by "java_re" with MS VC++ 8.0

time: Sat Aug 23 00:23:53 2014
elapsed time: 526819 seconds

