#
# A fatal error has been detected by the Java Runtime Environment:
#
#  EXCEPTION_ACCESS_VIOLATION (0xc0000005) at pc=0x000000007322c750, pid=8872, tid=10676
#
# JRE version: 6.0_17-b04
# Java VM: Java HotSpot(TM) 64-Bit Server VM (14.3-b01 mixed mode windows-amd64 )
# Problematic frame:
# C  0x000000007322c750
#
# If you would like to submit a bug report, please visit:
#   http://java.sun.com/webapps/bugreport/crash.jsp
# The crash happened outside the Java Virtual Machine in native code.
# See problematic frame for where to report the bug.
#

---------------  T H R E A D  ---------------

Current thread (0x000000000f1b9800):  JavaThread "AWT-EventQueue-0" [_thread_in_native, id=10676, stack(0x000000000f9c0000,0x000000000fa40000)]

siginfo: ExceptionCode=0xc0000005, reading address 0x0000000000000008

Registers:
EAX=0x000000000000000d, EBX=0x000000000f1b99b8, ECX=0x0000000000000000, EDX=0x00000000630105b2
ESP=0x000000000fa3e788, EBP=0x000000000ef6b630, ESI=0x000000000f1b99b8, EDI=0x000000000f7f6b90
EIP=0x000000007322c750, EFLAGS=0x0000000000010202

Top of Stack: (sp=0x000000000fa3e788)
0x000000000fa3e788:   00000000731d589c 0000000000000000
0x000000000fa3e798:   000000000f1b99b8 000000000ef6b630
0x000000000fa3e7a8:   000000000f1b99b8 00000000342a07b8
0x000000000fa3e7b8:   000000000f1b99b8 000000002ce0e750
0x000000000fa3e7c8:   00000000731b3810 000000000f1b99b8
0x000000000fa3e7d8:   000000000fa3ee80 000000000fa3ee58
0x000000000fa3e7e8:   000000000ef6b630 00000000342a0190
0x000000000fa3e7f8:   00000000731d2151 0000000100000000
0x000000000fa3e808:   000000000fa3ee60 0000000000000000
0x000000000fa3e818:   000000000fa3ee58 0000000000000014
0x000000000fa3e828:   0000000000000018 0000000000000000
0x000000000fa3e838:   0000000100000000 0000000034ee74c8
0x000000000fa3e848:   000000003d83e9d0 000000003483e7a0
0x000000000fa3e858:   000000003d81b888 000000002d4bea78
0x000000000fa3e868:   000000003d83ebb8 000000003e5260f0
0x000000000fa3e878:   0000000035d1f5d0 0000000000000001 

Instructions: (pc=0x000000007322c750)
0x000000007322c740:   48 8b 41 08 48 8b 80 18 0c 00 00 c3 cc cc cc cc
0x000000007322c750:   48 8b 49 08 48 85 c9 74 05 e9 72 f6 fd ff 33 c0 


Stack: [0x000000000f9c0000,0x000000000fa40000],  sp=0x000000000fa3e788,  free space=505k
Native frames: (J=compiled Java code, j=interpreted, Vv=VM code, C=native code)
C  0x000000007322c750

Java frames: (J=compiled Java code, j=interpreted, Vv=VM code)
J  sun.java2d.windows.GDIBlitLoops.nativeBlit(Lsun/java2d/SurfaceData;Lsun/java2d/SurfaceData;Lsun/java2d/pipe/Region;IIIIIIIIIZ)V
J  sun.java2d.windows.GDIBlitLoops.Blit(Lsun/java2d/SurfaceData;Lsun/java2d/SurfaceData;Ljava/awt/Composite;Lsun/java2d/pipe/Region;IIIIII)V
J  sun.java2d.pipe.DrawImage.copyImage(Lsun/java2d/SunGraphics2D;Ljava/awt/Image;IILjava/awt/Color;Ljava/awt/image/ImageObserver;)Z
J  sun.java2d.SunGraphics2D.drawImage(Ljava/awt/Image;IILjava/awt/Color;Ljava/awt/image/ImageObserver;)Z
J  javax.swing.RepaintManager$PaintManager.paintDoubleBuffered(Ljavax/swing/JComponent;Ljava/awt/Image;Ljava/awt/Graphics;IIII)V
J  javax.swing.RepaintManager$PaintManager.paint(Ljavax/swing/JComponent;Ljavax/swing/JComponent;Ljava/awt/Graphics;IIII)Z
j  javax.swing.RepaintManager.paint(Ljavax/swing/JComponent;Ljavax/swing/JComponent;Ljava/awt/Graphics;IIII)V+52
J  javax.swing.JComponent.paint(Ljava/awt/Graphics;)V
j  java.awt.GraphicsCallback$PaintCallback.run(Ljava/awt/Component;Ljava/awt/Graphics;)V+2
j  sun.awt.SunGraphicsCallback.runOneComponent(Ljava/awt/Component;Ljava/awt/Rectangle;Ljava/awt/Graphics;Ljava/awt/Shape;I)V+155
j  sun.awt.SunGraphicsCallback.runComponents([Ljava/awt/Component;Ljava/awt/Graphics;I)V+104
j  java.awt.Container.paint(Ljava/awt/Graphics;)V+73
J  javax.swing.RepaintManager.paintDirtyRegions(Ljava/util/Map;)V
J  javax.swing.SystemEventQueueUtilities$ComponentWorkRequest.run()V
J  java.awt.EventDispatchThread.pumpOneEventForFilters(I)Z
J  java.awt.EventDispatchThread.pumpEventsForFilter(ILjava/awt/Conditional;Ljava/awt/EventFilter;)V
j  java.awt.EventDispatchThread.pumpEventsForHierarchy(ILjava/awt/Conditional;Ljava/awt/Component;)V+11
j  java.awt.EventDispatchThread.pumpEvents(ILjava/awt/Conditional;)V+4
j  java.awt.EventDispatchThread.pumpEvents(Ljava/awt/Conditional;)V+3
j  java.awt.EventDispatchThread.run()V+9
v  ~StubRoutines::call_stub

---------------  P R O C E S S  ---------------

Java Threads: ( => current thread )
  0x000000006e711800 JavaThread "Timer-400" [_thread_blocked, id=3696, stack(0x000000005cb20000,0x000000005cba0000)]
  0x000000000de83800 JavaThread "Code Analyzer updating thread" [_thread_blocked, id=9276, stack(0x000000005ca00000,0x000000005ca80000)]
  0x000000000de81800 JavaThread "Code Analyzer updating thread" [_thread_blocked, id=7892, stack(0x000000005cbe0000,0x000000005cc60000)]
  0x000000006e257800 JavaThread "Code Analyzer updating thread" [_thread_blocked, id=9112, stack(0x000000005c520000,0x000000005c5a0000)]
  0x000000000de82800 JavaThread "pool-8-thread-1" [_thread_blocked, id=5772, stack(0x000000005c660000,0x000000005c6e0000)]
  0x000000006e253000 JavaThread "Foxtrot Single Worker Thread #1" daemon [_thread_blocked, id=4480, stack(0x0000000025ab0000,0x0000000025b30000)]
  0x000000000de85000 JavaThread "Code Analyzer updating thread" [_thread_blocked, id=10256, stack(0x0000000025410000,0x0000000025490000)]
  0x000000006e255000 JavaThread "Code Analyzer updating thread" [_thread_blocked, id=8164, stack(0x0000000025730000,0x00000000257b0000)]
  0x000000006e254000 JavaThread "Code Analyzer updating thread" [_thread_blocked, id=9236, stack(0x00000000257c0000,0x0000000025840000)]
  0x000000006e252800 JavaThread "Prefs Updater" daemon [_thread_blocked, id=10096, stack(0x0000000025380000,0x0000000025400000)]
  0x000000006e250000 JavaThread "Code Analyzer updating thread" [_thread_blocked, id=8460, stack(0x000000005c960000,0x000000005c9e0000)]
  0x000000000de87000 JavaThread "Active Reference Queue Daemon" daemon [_thread_blocked, id=9760, stack(0x000000005c8d0000,0x000000005c950000)]
  0x000000000de85800 JavaThread "Timer-9" daemon [_thread_blocked, id=8452, stack(0x000000005a000000,0x000000005a080000)]
  0x000000000de86800 JavaThread "Timer-8" daemon [_thread_blocked, id=9488, stack(0x000000005c6f0000,0x000000005c770000)]
  0x000000000de84000 JavaThread "Explorer NavigationContext request queue" [_thread_blocked, id=6260, stack(0x000000005c420000,0x000000005c4a0000)]
  0x000000000de82000 JavaThread "AddressBar directory emptiness poller" [_thread_blocked, id=1284, stack(0x000000005c310000,0x000000005c390000)]
  0x000000000de80800 JavaThread "Timer-1" [_thread_blocked, id=3796, stack(0x000000005c150000,0x000000005c1d0000)]
  0x000000000de80000 JavaThread "TimerQueue" daemon [_thread_blocked, id=8512, stack(0x000000001d130000,0x000000001d1b0000)]
  0x000000000f27c800 JavaThread "FelixPackageAdmin" daemon [_thread_blocked, id=2952, stack(0x000000000dbd0000,0x000000000dc50000)]
  0x000000000d8ba000 JavaThread "FelixStartLevel" daemon [_thread_blocked, id=11128, stack(0x00000000211c0000,0x0000000021240000)]
  0x000000000f16f800 JavaThread "FelixDispatchQueue" daemon [_thread_blocked, id=10408, stack(0x000000004c900000,0x000000004c980000)]
=>0x000000000f1b9800 JavaThread "AWT-EventQueue-0" [_thread_in_native, id=10676, stack(0x000000000f9c0000,0x000000000fa40000)]
  0x000000000e58a800 JavaThread "com.google.common.base.internal.Finalizer" daemon [_thread_blocked, id=11068, stack(0x0000000010e70000,0x0000000010ef0000)]
  0x000000000dda3800 JavaThread "AWT-Windows" daemon [_thread_in_native, id=10888, stack(0x000000000fe50000,0x000000000fed0000)]
  0x000000000de14000 JavaThread "AWT-Shutdown" [_thread_blocked, id=9440, stack(0x000000000ff30000,0x000000000ffb0000)]
  0x000000000de13000 JavaThread "Java2D Disposer" daemon [_thread_blocked, id=10380, stack(0x000000000fdc0000,0x000000000fe40000)]
  0x000000000eabe000 JavaThread "Timer-0" [_thread_blocked, id=9144, stack(0x000000000f940000,0x000000000f9c0000)]
  0x000000000ea5c800 JavaThread "EventMgr Dispatcher" daemon [_thread_in_native, id=8768, stack(0x0000000010ef0000,0x0000000014ef0000)]
  0x000000000d846800 JavaThread "Low Memory Detector" daemon [_thread_blocked, id=8492, stack(0x000000000dcc0000,0x000000000dd40000)]
  0x000000000d841000 JavaThread "CompilerThread1" daemon [_thread_blocked, id=10316, stack(0x000000005e050000,0x0000000062050000)]
  0x000000000d838000 JavaThread "CompilerThread0" daemon [_thread_blocked, id=9676, stack(0x0000000054c40000,0x0000000058c40000)]
  0x000000000d834000 JavaThread "Attach Listener" daemon [_thread_blocked, id=5792, stack(0x000000000d950000,0x000000000d9d0000)]
  0x000000000d7db800 JavaThread "Finalizer" daemon [_thread_blocked, id=9608, stack(0x000000000db50000,0x000000000dbd0000)]
  0x000000000d7d5800 JavaThread "Reference Handler" daemon [_thread_blocked, id=11060, stack(0x000000000da10000,0x000000000da90000)]
  0x00000000052bf800 JavaThread "main" [_thread_in_native, id=8384, stack(0x00000000001d0000,0x00000000041d0000)]

Other Threads:
  0x000000000d7d2000 VMThread [stack: 0x0000000050bf0000,0x0000000054bf0000] [id=8656]
  0x000000000d85a800 WatcherThread [stack: 0x0000000062590000,0x0000000066590000] [id=9436]

VM state:not at safepoint (normal execution)

VM Mutex/Monitor currently owned by a thread: None

Heap
 PSYoungGen      total 15104K, used 3766K [0x000000003d580000, 0x000000003e580000, 0x0000000040680000)
  eden space 14080K, 20% used [0x000000003d580000,0x000000003d85b1c8,0x000000003e340000)
  from space 1024K, 82% used [0x000000003e480000,0x000000003e552718,0x000000003e580000)
  to   space 1152K, 0% used [0x000000003e340000,0x000000003e340000,0x000000003e460000)
 PSOldGen        total 94784K, used 75966K [0x0000000034280000, 0x0000000039f10000, 0x000000003d580000)
  object space 94784K, 80% used [0x0000000034280000,0x0000000038caf830,0x0000000039f10000)
 PSPermGen       total 102784K, used 66689K [0x000000002c280000, 0x00000000326e0000, 0x0000000034280000)
  object space 102784K, 64% used [0x000000002c280000,0x00000000303a0620,0x00000000326e0000)

Dynamic libraries:
0x000000013f080000 - 0x000000013f0b2000 	C:\Program Files\MATLAB\R2012a\bin\win64\MATLAB.exe
0x0000000076eb0000 - 0x0000000077059000 	C:\Windows\SYSTEM32\ntdll.dll
0x0000000076c90000 - 0x0000000076daf000 	C:\Windows\system32\kernel32.dll
0x000007fefc380000 - 0x000007fefc3ec000 	C:\Windows\system32\KERNELBASE.dll
0x0000000074460000 - 0x0000000074554000 	C:\Program Files\MATLAB\R2012a\bin\win64\libut.dll
0x00000000758a0000 - 0x0000000075952000 	C:\Program Files\MATLAB\R2012a\bin\win64\libmwi18n.dll
0x0000000180000000 - 0x000000018000b000 	C:\Program Files\MATLAB\R2012a\bin\win64\libmwresource_core.dll
0x000000006f240000 - 0x000000006f313000 	C:\Windows\WinSxS\amd64_microsoft.vc90.crt_1fc8b3b9a1e18e3b_9.0.30729.6161_none_08e61857a83bc251\MSVCP90.dll
0x000000006f190000 - 0x000000006f233000 	C:\Windows\WinSxS\amd64_microsoft.vc90.crt_1fc8b3b9a1e18e3b_9.0.30729.6161_none_08e61857a83bc251\MSVCR90.dll
0x000000007a170000 - 0x000000007a19c000 	C:\Program Files\MATLAB\R2012a\bin\win64\boost_filesystem-vc90-mt-1_44.dll
0x000000007a560000 - 0x000000007a569000 	C:\Program Files\MATLAB\R2012a\bin\win64\boost_system-vc90-mt-1_44.dll
0x000007fefc4a0000 - 0x000007fefc57b000 	C:\Windows\system32\ADVAPI32.dll
0x000007fefdcc0000 - 0x000007fefdd5f000 	C:\Windows\system32\msvcrt.dll
0x000007fefd990000 - 0x000007fefd9af000 	C:\Windows\SYSTEM32\sechost.dll
0x000007fefdde0000 - 0x000007fefdf0d000 	C:\Windows\system32\RPCRT4.dll
0x000000007a010000 - 0x000000007a035000 	C:\Program Files\MATLAB\R2012a\bin\win64\LIBEXPAT.dll
0x0000000062200000 - 0x00000000623f1000 	C:\Program Files\MATLAB\R2012a\bin\win64\icuin44.dll
0x0000000062080000 - 0x00000000621f1000 	C:\Program Files\MATLAB\R2012a\bin\win64\icuuc44.dll
0x0000000010000000 - 0x0000000010e41000 	C:\Program Files\MATLAB\R2012a\bin\win64\icudt44.dll
0x0000000073f70000 - 0x00000000740ad000 	C:\Program Files\MATLAB\R2012a\bin\win64\libmwfl.dll
0x00000000043f0000 - 0x00000000046e6000 	C:\Program Files\MATLAB\R2012a\bin\win64\libmwMATLAB_res.dll
0x000000007a3b0000 - 0x000000007a3c0000 	C:\Program Files\MATLAB\R2012a\bin\win64\boost_date_time-vc90-mt-1_44.dll
0x000000007a250000 - 0x000000007a263000 	C:\Program Files\MATLAB\R2012a\bin\win64\boost_signals-vc90-mt-1_44.dll
0x000000007a2d0000 - 0x000000007a2e2000 	C:\Program Files\MATLAB\R2012a\bin\win64\boost_thread-vc90-mt-1_44.dll
0x00000000041d0000 - 0x0000000004216000 	C:\Program Files\MATLAB\R2012a\bin\win64\tbb.dll
0x000007fefddc0000 - 0x000007fefddd9000 	C:\Windows\system32\imagehlp.dll
0x0000000077070000 - 0x0000000077077000 	C:\Windows\system32\PSAPI.DLL
0x000000006ce60000 - 0x000000006ce73000 	C:\Program Files\MATLAB\R2012a\bin\win64\icuio44.dll
0x000007fef1880000 - 0x000007fef19a5000 	C:\Windows\system32\dbghelp.dll
0x0000000076db0000 - 0x0000000076eaa000 	C:\Windows\system32\USER32.dll
0x000007fefc430000 - 0x000007fefc497000 	C:\Windows\system32\GDI32.dll
0x000007fefc590000 - 0x000007fefc59e000 	C:\Windows\system32\LPK.dll
0x000007fefd450000 - 0x000007fefd519000 	C:\Windows\system32\USP10.dll
0x000000007bed0000 - 0x000000007c183000 	C:\Program Files\MATLAB\R2012a\bin\win64\libmwservices.dll
0x0000000075a20000 - 0x0000000075ae2000 	C:\Program Files\MATLAB\R2012a\bin\win64\libmx.dll
0x000000007a210000 - 0x000000007a228000 	C:\Program Files\MATLAB\R2012a\bin\win64\zlib1.dll
0x0000000004240000 - 0x0000000004261000 	C:\Program Files\MATLAB\R2012a\bin\win64\libmwmfl_scalar.dll
0x0000000075f10000 - 0x0000000075f5d000 	C:\Program Files\MATLAB\R2012a\bin\win64\mpath.dll
0x000000007b680000 - 0x000000007bbe1000 	C:\Program Files\MATLAB\R2012a\bin\win64\mlutil.dll
0x000000006a1b0000 - 0x000000006a22f000 	C:\Program Files\MATLAB\R2012a\bin\win64\xmlcore.dll
0x000000007bc30000 - 0x000000007be83000 	C:\Program Files\MATLAB\R2012a\bin\win64\xerces-c_2_7.dll
0x000007fefdf10000 - 0x000007fefdf5d000 	C:\Windows\system32\WS2_32.dll
0x000007fefc580000 - 0x000007fefc588000 	C:\Windows\system32\NSI.dll
0x00000000042c0000 - 0x00000000042da000 	C:\Program Files\MATLAB\R2012a\bin\win64\libmwMATLAB_settings_res.dll
0x00000000046f0000 - 0x0000000004737000 	C:\Program Files\MATLAB\R2012a\bin\win64\boost_serialization-vc90-mt-1_44.dll
0x000007fefc5a0000 - 0x000007fefd328000 	C:\Windows\system32\SHELL32.dll
0x000007fefd3d0000 - 0x000007fefd441000 	C:\Windows\system32\SHLWAPI.dll
0x000007fef5bd0000 - 0x000007fef5c70000 	C:\Windows\WinSxS\amd64_microsoft.windows.common-controls_6595b64144ccf1df_5.82.7601.18201_none_a4d3b9377117c3df\COMCTL32.dll
0x000007fefd8f0000 - 0x000007fefd987000 	C:\Windows\system32\COMDLG32.dll
0x000007fef9710000 - 0x000007fef9726000 	C:\Windows\system32\NETAPI32.dll
0x000007fef96d0000 - 0x000007fef96dc000 	C:\Windows\system32\netutils.dll
0x000007fefbbd0000 - 0x000007fefbbf3000 	C:\Windows\system32\srvcli.dll
0x000007fef9670000 - 0x000007fef9685000 	C:\Windows\system32\wkscli.dll
0x000007fefd6e0000 - 0x000007fefd8e3000 	C:\Windows\system32\ole32.dll
0x000007fefe0e0000 - 0x000007fefe1b7000 	C:\Windows\system32\OLEAUT32.dll
0x0000000074970000 - 0x0000000074b06000 	C:\Program Files\MATLAB\R2012a\bin\win64\mcr.dll
0x0000000075000000 - 0x000000007536b000 	C:\Program Files\MATLAB\R2012a\bin\win64\iqm.dll
0x000000005d680000 - 0x000000005dea1000 	C:\Program Files\MATLAB\R2012a\bin\win64\m_interpreter.dll
0x000000006ce30000 - 0x000000006ce55000 	C:\Program Files\MATLAB\R2012a\bin\win64\libmex.dll
0x000000005d5c0000 - 0x000000005d673000 	C:\Program Files\MATLAB\R2012a\bin\win64\m_dispatcher.dll
0x0000000074880000 - 0x000000007496d000 	C:\Program Files\MATLAB\R2012a\bin\win64\boost_regex-vc90-mt-1_44.dll
0x000000006a120000 - 0x000000006a1a4000 	C:\Program Files\MATLAB\R2012a\bin\win64\profiler.dll
0x00000000047c0000 - 0x0000000004a15000 	C:\Program Files\MATLAB\R2012a\bin\win64\libmwmathutil.dll
0x0000000079f40000 - 0x0000000079f6d000 	C:\Program Files\MATLAB\R2012a\bin\win64\libmwmathrng.dll
0x0000000074c10000 - 0x0000000074ced000 	C:\Program Files\MATLAB\R2012a\bin\win64\libmwmathcore.dll
0x0000000076160000 - 0x00000000761cb000 	C:\Program Files\MATLAB\R2012a\bin\win64\libmwspmatrix.dll
0x0000000075ea0000 - 0x0000000075f02000 	C:\Program Files\MATLAB\R2012a\bin\win64\libmwcholmod.dll
0x000000007a460000 - 0x000000007a46d000 	C:\Program Files\MATLAB\R2012a\bin\win64\libmwamd.dll
0x000000007a4b0000 - 0x000000007a4bc000 	C:\Program Files\MATLAB\R2012a\bin\win64\libmwcolamd.dll
0x000000006c580000 - 0x000000006c599000 	C:\Program Files\MATLAB\R2012a\bin\win64\libmwblas.dll
0x000000006b6d0000 - 0x000000006b6e2000 	C:\Program Files\MATLAB\R2012a\bin\win64\libmwbinder.dll
0x000000006bab0000 - 0x000000006babb000 	C:\Program Files\MATLAB\R2012a\bin\win64\libmwompwrapper.dll
0x0000000069950000 - 0x00000000699d6000 	C:\Program Files\MATLAB\R2012a\bin\win64\libmwlapack.dll
0x00000000689d0000 - 0x00000000689f1000 	C:\Program Files\MATLAB\R2012a\bin\win64\m_pcodeio.dll
0x0000000079b10000 - 0x0000000079b77000 	C:\Program Files\MATLAB\R2012a\bin\win64\m_ir.dll
0x000000005baa0000 - 0x000000005c0f0000 	C:\Program Files\MATLAB\R2012a\bin\win64\m_parser.dll
0x00000000689b0000 - 0x00000000689ca000 	C:\Program Files\MATLAB\R2012a\bin\win64\ir_xfmr.dll
0x000000005d340000 - 0x000000005d5b9000 	C:\Program Files\MATLAB\R2012a\bin\win64\mcos.dll
0x000000006b6c0000 - 0x000000006b6cc000 	C:\Program Files\MATLAB\R2012a\bin\win64\mtok.dll
0x000000005d300000 - 0x000000005d331000 	C:\Program Files\MATLAB\R2012a\bin\win64\m_pcodegen.dll
0x0000000079fb0000 - 0x0000000079fe7000 	C:\Program Files\MATLAB\R2012a\bin\win64\libmwbridge.dll
0x000000005d230000 - 0x000000005d2f8000 	C:\Program Files\MATLAB\R2012a\bin\win64\udd.dll
0x000000005d0d0000 - 0x000000005d222000 	C:\Program Files\MATLAB\R2012a\bin\win64\libmwgui.dll
0x0000000068990000 - 0x00000000689a7000 	C:\Program Files\MATLAB\R2012a\bin\win64\graphics_util.dll
0x000000005b0f0000 - 0x000000005ba93000 	C:\Program Files\MATLAB\R2012a\bin\win64\hg.dll
0x0000000004b90000 - 0x0000000004bf7000 	C:\Program Files\MATLAB\R2012a\bin\win64\libmat.dll
0x0000000072d30000 - 0x0000000072f44000 	C:\Program Files\MATLAB\R2012a\bin\win64\hdf5dll.dll
0x0000000075710000 - 0x00000000757c1000 	C:\Program Files\MATLAB\R2012a\bin\win64\jmi.dll
0x0000000004c30000 - 0x0000000004c3e000 	C:\Program Files\MATLAB\R2012a\bin\win64\nativejava_services.dll
0x000000005d080000 - 0x000000005d0c2000 	C:\Program Files\MATLAB\R2012a\bin\win64\libmwhardcopy.dll
0x000000005d020000 - 0x000000005d07a000 	C:\Program Files\MATLAB\R2012a\bin\win64\libuij.dll
0x000000005aee0000 - 0x000000005b0ec000 	C:\Program Files\MATLAB\R2012a\bin\win64\hgdatatypes.dll
0x000000005ade0000 - 0x000000005aedd000 	C:\Program Files\MATLAB\R2012a\bin\win64\hgutils.dll
0x000000005ad20000 - 0x000000005addd000 	C:\Program Files\MATLAB\R2012a\bin\win64\udd_mi.dll
0x0000000004ca0000 - 0x0000000004cdb000 	C:\Program Files\MATLAB\R2012a\bin\win64\libmwgbtutils.dll
0x0000000004cf0000 - 0x0000000004d09000 	C:\Program Files\MATLAB\R2012a\bin\win64\libmwgbt.dll
0x0000000004d20000 - 0x0000000004fea000 	C:\Program Files\MATLAB\R2012a\bin\win64\uiw.dll
0x000000006a110000 - 0x000000006a11f000 	C:\Program Files\MATLAB\R2012a\bin\win64\uinone.dll
0x000007fef5b90000 - 0x000007fef5ba8000 	C:\Windows\system32\MPR.dll
0x000000005a830000 - 0x000000005ad14000 	C:\Windows\WinSxS\amd64_microsoft.vc90.mfc_1fc8b3b9a1e18e3b_9.0.30729.6161_none_044aad0bab1eb146\mfc90.dll
0x000007fefb4b0000 - 0x000007fefb4b7000 	C:\Windows\system32\MSIMG32.dll
0x000007fef98e0000 - 0x000007fef9951000 	C:\Windows\system32\WINSPOOL.DRV
0x000000005d000000 - 0x000000005d020000 	C:\Program Files\MATLAB\R2012a\bin\win64\mwoles05.DLL
0x000000005a7b0000 - 0x000000005a82c000 	C:\Program Files\MATLAB\R2012a\bin\win64\comcli.dll
0x000000005cfd0000 - 0x000000005cfff000 	C:\Windows\WinSxS\amd64_microsoft.vc90.atl_1fc8b3b9a1e18e3b_9.0.30729.6161_none_0a1fd3a3a768b895\ATL90.DLL
0x0000000069940000 - 0x000000006994c000 	C:\Program Files\MATLAB\R2012a\bin\win64\mlautoregister.dll
0x0000000005040000 - 0x0000000005050000 	C:\Program Files\MATLAB\R2012a\bin\win64\boost_iostreams-vc90-mt-1_44.dll
0x000007fefbf30000 - 0x000007fefbf87000 	C:\Windows\system32\apphelp.dll
0x000007fef6380000 - 0x000007fef63d1000 	C:\Windows\AppPatch\AppPatch64\AcGenral.DLL
0x000007fefbf00000 - 0x000007fefbf25000 	C:\Windows\system32\SspiCli.dll
0x0000000071200000 - 0x0000000071203000 	C:\Windows\system32\sfc.dll
0x000007fef8200000 - 0x000007fef8210000 	C:\Windows\system32\sfc_os.DLL
0x000007fefb000000 - 0x000007fefb01e000 	C:\Windows\system32\USERENV.dll
0x000007fefc060000 - 0x000007fefc06f000 	C:\Windows\system32\profapi.dll
0x000007fefa690000 - 0x000007fefa6a8000 	C:\Windows\system32\dwmapi.dll
0x000007fefd520000 - 0x000007fefd54e000 	C:\Windows\system32\IMM32.DLL
0x000007fefd550000 - 0x000007fefd659000 	C:\Windows\system32\MSCTF.dll
0x000007fefa750000 - 0x000007fefa7a6000 	C:\Windows\system32\UxTheme.dll
0x0000000062070000 - 0x000000006207d000 	C:\Windows\WinSxS\amd64_microsoft.vc90.mfcloc_1fc8b3b9a1e18e3b_9.0.30729.6161_none_01c9581e60cbee58\MFC90ENU.DLL
0x00000000051f0000 - 0x0000000005219000 	C:\Program Files\MATLAB\R2012a\bin\win64\tbbmalloc.dll
0x0000000078870000 - 0x0000000078ecd000 	C:\Program Files\MATLAB\R2012a\sys\java\jre\win64\jre\bin\server\jvm.dll
0x000007fef9f50000 - 0x000007fef9f8b000 	C:\Windows\system32\WINMM.dll
0x000007fef9c00000 - 0x000007fef9c27000 	C:\Windows\system32\iphlpapi.dll
0x000007fef9bf0000 - 0x000007fef9bfb000 	C:\Windows\system32\WINNSI.DLL
0x000007fefb710000 - 0x000007fefb76b000 	C:\Windows\system32\DNSAPI.dll
0x000007fef93d0000 - 0x000007fef93e8000 	C:\Windows\system32\dhcpcsvc.DLL
0x000007fef9340000 - 0x000007fef9351000 	C:\Windows\system32\dhcpcsvc6.DLL
0x000000005a7a0000 - 0x000000005a7a3000 	C:\Windows\system32\icmp.Dll

VM Arguments:
jvm_args: -Xss512k -XX:PermSize=32m -Xms64m -XX:NewRatio=3 -XX:MaxPermSize=128m -Xmx196m -XX:MaxDirectMemorySize=2147400000 -Dsun.java2d.noddraw=true -Dsun.awt.nopixfmt=true -Xshare:off -Xrs -Dsun.awt.disableMixing=true -Djava.library.path=C:\Program Files\MATLAB\R2012a\bin\win64 vfprintf abort 
java_command: <unknown>
Launcher Type: generic

Environment Variables:
PATH=C:\Program Files\Broadcom\Broadcom 802.11 Network Adapter\Driver;;C:\Program Files\Common Files\Microsoft Shared\Windows Live;C:\Program Files (x86)\Common Files\Microsoft Shared\Windows Live;C:\Program Files (x86)\Intel\iCLS Client\;C:\Program Files\Intel\iCLS Client\;C:\Windows\system32;C:\Windows;C:\Windows\System32\Wbem;C:\Windows\System32\WindowsPowerShell\v1.0\;C:\Program Files\Intel\Intel(R) Management Engine Components\DAL;C:\Program Files\Intel\Intel(R) Management Engine Components\IPT;C:\Program Files (x86)\Intel\Intel(R) Management Engine Components\DAL;C:\Program Files (x86)\Intel\Intel(R) Management Engine Components\IPT;C:\Program Files\Lenovo\Bluetooth Software\;C:\Program Files\Lenovo\Bluetooth Software\syswow64;C:\Program Files\Diskeeper Corporation\ExpressCache\;C:\Program Files\Common Files\Lenovo;C:\Program Files (x86)\Windows Live\Shared;C:\SWTOOLS\ReadyApps;C:\Program Files (x86)\Symantec\VIP Access Client\;C:\Program Files (x86)\Common Files\Lenovo;C:\Program Files\MATLAB\R2012a\runtime\win64;C:\Program Files\MATLAB\R2012a\bin;C:\Program Files\MiKTeX 2.9\miktex\bin\x64\;C:\Program Files (x86)\Git\cmd;C:\Program Files (x86)\Intel\OpenCL SDK\2.0\bin\x86;C:\Program Files (x86)\Intel\OpenCL SDK\2.0\bin\x64;C:\Program Files\Microsoft Windows Performance Toolkit\
USERNAME=Max Yi Ren
OS=Windows_NT
PROCESSOR_IDENTIFIER=Intel64 Family 6 Model 58 Stepping 9, GenuineIntel



---------------  S Y S T E M  ---------------

OS: Windows 7 Build 7601 Service Pack 1

CPU:total 4 (8 cores per cpu, 2 threads per core) family 6 model 58 stepping 9, cmov, cx8, fxsr, mmx, sse, sse2, sse3, ssse3, sse4.1, sse4.2, ht

Memory: 4k page, physical 8104172k(4737948k free), swap 16206480k(8363764k free)

vm_info: Java HotSpot(TM) 64-Bit Server VM (14.3-b01) for windows-amd64 JRE (1.6.0_17-b04), built on Oct 11 2009 00:46:08 by "java_re" with MS VC++ 8.0

time: Sat Jun 14 11:49:48 2014
elapsed time: 7163 seconds

